# JRE version: OpenJDK Runtime Environment (8.0_76-b03) (build 1.8.0_76-release-b03)
# Java VM: OpenJDK 64-Bit Server VM (25.76-b03 mixed mode windows-amd64 compressed oops)
Heap:
 PSYoungGen      total 226304K, used 67373K [0x00000000eab00000, 0x00000000fd280000, 0x0000000100000000)
  eden space 200192K, 20% used [0x00000000eab00000,0x00000000ed38a028,0x00000000f6e80000)
  from space 26112K, 99% used [0x00000000fb900000,0x00000000fd2415a8,0x00000000fd280000)
  to   space 32256K, 0% used [0x00000000f9380000,0x00000000f9380000,0x00000000fb300000)
 ParOldGen       total 81920K, used 42349K [0x00000000c0000000, 0x00000000c5000000, 0x00000000eab00000)
  object space 81920K, 51% used [0x00000000c0000000,0x00000000c295b488,0x00000000c5000000)
 Metaspace       used 6534K, capacity 7222K, committed 7296K, reserved 1056768K
  class space    used 603K, capacity 622K, committed 640K, reserved 1048576K
GC Heap History (10 events):
Event: 9.335 GC heap before
{Heap before GC invocations=5 (full 0):
 PSYoungGen      total 66048K, used 66017K [0x00000000eab00000, 0x00000000eee00000, 0x0000000100000000)
  eden space 63488K, 100% used [0x00000000eab00000,0x00000000ee900000,0x00000000ee900000)
  from space 2560K, 98% used [0x00000000eeb80000,0x00000000eedf85c8,0x00000000eee00000)
  to   space 2560K, 0% used [0x00000000ee900000,0x00000000ee900000,0x00000000eeb80000)
 ParOldGen       total 42496K, used 12779K [0x00000000c0000000, 0x00000000c2980000, 0x00000000eab00000)
  object space 42496K, 30% used [0x00000000c0000000,0x00000000c0c7acc8,0x00000000c2980000)
 Metaspace       used 6262K, capacity 7088K, committed 7296K, reserved 1056768K
  class space    used 583K, capacity 616K, committed 640K, reserved 1048576K
Event: 9.368 GC heap after
Heap after GC invocations=5 (full 0):
 PSYoungGen      total 66048K, used 2529K [0x00000000eab00000, 0x00000000f4400000, 0x0000000100000000)
  eden space 63488K, 0% used [0x00000000eab00000,0x00000000eab00000,0x00000000ee900000)
  from space 2560K, 98% used [0x00000000ee900000,0x00000000eeb785c8,0x00000000eeb80000)
  to   space 14848K, 0% used [0x00000000f3580000,0x00000000f3580000,0x00000000f4400000)
 ParOldGen       total 42496K, used 22802K [0x00000000c0000000, 0x00000000c2980000, 0x00000000eab00000)
  object space 42496K, 53% used [0x00000000c0000000,0x00000000c1644810,0x00000000c2980000)
 Metaspace       used 6262K, capacity 7088K, committed 7296K, reserved 1056768K
  class space    used 583K, capacity 616K, committed 640K, reserved 1048576K
}
Event: 9.763 GC heap before
{Heap before GC invocations=6 (full 0):
 PSYoungGen      total 66048K, used 66017K [0x00000000eab00000, 0x00000000f4400000, 0x0000000100000000)
  eden space 63488K, 100% used [0x00000000eab00000,0x00000000ee900000,0x00000000ee900000)
  from space 2560K, 98% used [0x00000000ee900000,0x00000000eeb785c8,0x00000000eeb80000)
  to   space 14848K, 0% used [0x00000000f3580000,0x00000000f3580000,0x00000000f4400000)
 ParOldGen       total 42496K, used 22802K [0x00000000c0000000, 0x00000000c2980000, 0x00000000eab00000)
  object space 42496K, 53% used [0x00000000c0000000,0x00000000c1644810,0x00000000c2980000)
 Metaspace       used 6379K, capacity 7152K, committed 7296K, reserved 1056768K
  class space    used 583K, capacity 616K, committed 640K, reserved 1048576K
Event: 9.804 GC heap after
Heap after GC invocations=6 (full 0):
 PSYoungGen      total 139264K, used 13301K [0x00000000eab00000, 0x00000000f4900000, 0x0000000100000000)
  eden space 124416K, 0% used [0x00000000eab00000,0x00000000eab00000,0x00000000f2480000)
  from space 14848K, 89% used [0x00000000f3580000,0x00000000f427d4f0,0x00000000f4400000)
  to   space 17408K, 0% used [0x00000000f2480000,0x00000000f2480000,0x00000000f3580000)
 ParOldGen       total 42496K, used 22810K [0x00000000c0000000, 0x00000000c2980000, 0x00000000eab00000)
  object space 42496K, 53% used [0x00000000c0000000,0x00000000c1646810,0x00000000c2980000)
 Metaspace       used 6379K, capacity 7152K, committed 7296K, reserved 1056768K
  class space    used 583K, capacity 616K, committed 640K, reserved 1048576K
}
Event: 10.654 GC heap before
{Heap before GC invocations=7 (full 0):
 PSYoungGen      total 139264K, used 137717K [0x00000000eab00000, 0x00000000f4900000, 0x0000000100000000)
  eden space 124416K, 100% used [0x00000000eab00000,0x00000000f2480000,0x00000000f2480000)
  from space 14848K, 89% used [0x00000000f3580000,0x00000000f427d4f0,0x00000000f4400000)
  to   space 17408K, 0% used [0x00000000f2480000,0x00000000f2480000,0x00000000f3580000)
 ParOldGen       total 42496K, used 22810K [0x00000000c0000000, 0x00000000c2980000, 0x00000000eab00000)
  object space 42496K, 53% used [0x00000000c0000000,0x00000000c1646810,0x00000000c2980000)
 Metaspace       used 6512K, capacity 7220K, committed 7296K, reserved 1056768K
  class space    used 601K, capacity 620K, committed 640K, reserved 1048576K
Event: 10.736 GC heap after
Heap after GC invocations=7 (full 0):
 PSYoungGen      total 141824K, used 17390K [0x00000000eab00000, 0x00000000fd400000, 0x0000000100000000)
  eden space 124416K, 0% used [0x00000000eab00000,0x00000000eab00000,0x00000000f2480000)
  from space 17408K, 99% used [0x00000000f2480000,0x00000000f357b9f0,0x00000000f3580000)
  to   space 27648K, 0% used [0x00000000fb900000,0x00000000fb900000,0x00000000fd400000)
 ParOldGen       total 42496K, used 37066K [0x00000000c0000000, 0x00000000c2980000, 0x00000000eab00000)
  object space 42496K, 87% used [0x00000000c0000000,0x00000000c2432a58,0x00000000c2980000)
 Metaspace       used 6512K, capacity 7220K, committed 7296K, reserved 1056768K
  class space    used 601K, capacity 620K, committed 640K, reserved 1048576K
}
Event: 10.736 GC heap before
{Heap before GC invocations=8 (full 1):
 PSYoungGen      total 141824K, used 17390K [0x00000000eab00000, 0x00000000fd400000, 0x0000000100000000)
  eden space 124416K, 0% used [0x00000000eab00000,0x00000000eab00000,0x00000000f2480000)
  from space 17408K, 99% used [0x00000000f2480000,0x00000000f357b9f0,0x00000000f3580000)
  to   space 27648K, 0% used [0x00000000fb900000,0x00000000fb900000,0x00000000fd400000)
 ParOldGen       total 42496K, used 37066K [0x00000000c0000000, 0x00000000c2980000, 0x00000000eab00000)
  object space 42496K, 87% used [0x00000000c0000000,0x00000000c2432a58,0x00000000c2980000)
 Metaspace       used 6512K, capacity 7220K, committed 7296K, reserved 1056768K
  class space    used 601K, capacity 620K, committed 640K, reserved 1048576K
Event: 11.339 GC heap after
Heap after GC invocations=8 (full 1):
 PSYoungGen      total 141824K, used 8012K [0x00000000eab00000, 0x00000000fd400000, 0x0000000100000000)
  eden space 124416K, 0% used [0x00000000eab00000,0x00000000eab00000,0x00000000f2480000)
  from space 17408K, 46% used [0x00000000f2480000,0x00000000f2c532e0,0x00000000f3580000)
  to   space 27648K, 0% used [0x00000000fb900000,0x00000000fb900000,0x00000000fd400000)
 ParOldGen       total 81920K, used 42301K [0x00000000c0000000, 0x00000000c5000000, 0x00000000eab00000)
  object space 81920K, 51% used [0x00000000c0000000,0x00000000c294f488,0x00000000c5000000)
 Metaspace       used 6512K, capacity 7220K, committed 7296K, reserved 1056768K
  class space    used 601K, capacity 620K, committed 640K, reserved 1048576K
}
Event: 14.068 GC heap before
{Heap before GC invocations=9 (full 1):
 PSYoungGen      total 141824K, used 132428K [0x00000000eab00000, 0x00000000fd400000, 0x0000000100000000)
  eden space 124416K, 100% used [0x00000000eab00000,0x00000000f2480000,0x00000000f2480000)
  from space 17408K, 46% used [0x00000000f2480000,0x00000000f2c532e0,0x00000000f3580000)
  to   space 27648K, 0% used [0x00000000fb900000,0x00000000fb900000,0x00000000fd400000)
 ParOldGen       total 81920K, used 42301K [0x00000000c0000000, 0x00000000c5000000, 0x00000000eab00000)
  object space 81920K, 51% used [0x00000000c0000000,0x00000000c294f488,0x00000000c5000000)
 Metaspace       used 6522K, capacity 7220K, committed 7296K, reserved 1056768K
  class space    used 601K, capacity 620K, committed 640K, reserved 1048576K
Event: 14.652 GC heap after
Heap after GC invocations=9 (full 1):
 PSYoungGen      total 226304K, used 25861K [0x00000000eab00000, 0x00000000fd280000, 0x0000000100000000)
  eden space 200192K, 0% used [0x00000000eab00000,0x00000000eab00000,0x00000000f6e80000)
  from space 26112K, 99% used [0x00000000fb900000,0x00000000fd2415a8,0x00000000fd280000)
  to   space 32256K, 0% used [0x00000000f9380000,0x00000000f9380000,0x00000000fb300000)
 ParOldGen       total 81920K, used 42349K [0x00000000c0000000, 0x00000000c5000000, 0x00000000eab00000)
  object space 81920K, 51% used [0x00000000c0000000,0x00000000c295b488,0x00000000c5000000)
 Metaspace       used 6522K, capacity 7220K, committed 7296K, reserved 1056768K
  class space    used 601K, capacity 620K, committed 640K, reserved 1048576K
}

