# JRE version: OpenJDK Runtime Environment (8.0_76-b03) (build 1.8.0_76-release-b03)
# Java VM: OpenJDK 64-Bit Server VM (25.76-b03 mixed mode windows-amd64 compressed oops)
Heap:
 PSYoungGen      total 192512K, used 53324K [0x00000000eab00000, 0x00000000fd300000, 0x0000000100000000)
  eden space 166400K, 16% used [0x00000000eab00000,0x00000000ec5b6650,0x00000000f4d80000)
  from space 26112K, 99% used [0x00000000fb980000,0x00000000fd2dcba8,0x00000000fd300000)
  to   space 31744K, 0% used [0x00000000f9500000,0x00000000f9500000,0x00000000fb400000)
 ParOldGen       total 84480K, used 42025K [0x00000000c0000000, 0x00000000c5280000, 0x00000000eab00000)
  object space 84480K, 49% used [0x00000000c0000000,0x00000000c290a6e0,0x00000000c5280000)
 Metaspace       used 6536K, capacity 7220K, committed 7296K, reserved 1056768K
  class space    used 601K, capacity 620K, committed 640K, reserved 1048576K
GC Heap History (10 events):
Event: 5.969 GC heap before
{Heap before GC invocations=5 (full 0):
 PSYoungGen      total 66048K, used 66017K [0x00000000eab00000, 0x00000000eee00000, 0x0000000100000000)
  eden space 63488K, 100% used [0x00000000eab00000,0x00000000ee900000,0x00000000ee900000)
  from space 2560K, 98% used [0x00000000eeb80000,0x00000000eedf85c0,0x00000000eee00000)
  to   space 2560K, 0% used [0x00000000ee900000,0x00000000ee900000,0x00000000eeb80000)
 ParOldGen       total 42496K, used 11886K [0x00000000c0000000, 0x00000000c2980000, 0x00000000eab00000)
  object space 42496K, 27% used [0x00000000c0000000,0x00000000c0b9b900,0x00000000c2980000)
 Metaspace       used 6295K, capacity 7152K, committed 7296K, reserved 1056768K
  class space    used 583K, capacity 616K, committed 640K, reserved 1048576K
Event: 6.008 GC heap after
Heap after GC invocations=5 (full 0):
 PSYoungGen      total 66048K, used 2545K [0x00000000eab00000, 0x00000000f4300000, 0x0000000100000000)
  eden space 63488K, 0% used [0x00000000eab00000,0x00000000eab00000,0x00000000ee900000)
  from space 2560K, 99% used [0x00000000ee900000,0x00000000eeb7c5d0,0x00000000eeb80000)
  to   space 14336K, 0% used [0x00000000f3500000,0x00000000f3500000,0x00000000f4300000)
 ParOldGen       total 42496K, used 21844K [0x00000000c0000000, 0x00000000c2980000, 0x00000000eab00000)
  object space 42496K, 51% used [0x00000000c0000000,0x00000000c1555220,0x00000000c2980000)
 Metaspace       used 6295K, capacity 7152K, committed 7296K, reserved 1056768K
  class space    used 583K, capacity 616K, committed 640K, reserved 1048576K
}
Event: 6.498 GC heap before
{Heap before GC invocations=6 (full 0):
 PSYoungGen      total 66048K, used 66033K [0x00000000eab00000, 0x00000000f4300000, 0x0000000100000000)
  eden space 63488K, 100% used [0x00000000eab00000,0x00000000ee900000,0x00000000ee900000)
  from space 2560K, 99% used [0x00000000ee900000,0x00000000eeb7c5d0,0x00000000eeb80000)
  to   space 14336K, 0% used [0x00000000f3500000,0x00000000f3500000,0x00000000f4300000)
 ParOldGen       total 42496K, used 21844K [0x00000000c0000000, 0x00000000c2980000, 0x00000000eab00000)
  object space 42496K, 51% used [0x00000000c0000000,0x00000000c1555220,0x00000000c2980000)
 Metaspace       used 6362K, capacity 7152K, committed 7296K, reserved 1056768K
  class space    used 583K, capacity 616K, committed 640K, reserved 1048576K
Event: 6.551 GC heap after
Heap after GC invocations=6 (full 0):
 PSYoungGen      total 139264K, used 12957K [0x00000000eab00000, 0x00000000f4700000, 0x0000000100000000)
  eden space 124928K, 0% used [0x00000000eab00000,0x00000000eab00000,0x00000000f2500000)
  from space 14336K, 90% used [0x00000000f3500000,0x00000000f41a7718,0x00000000f4300000)
  to   space 16384K, 0% used [0x00000000f2500000,0x00000000f2500000,0x00000000f3500000)
 ParOldGen       total 42496K, used 21852K [0x00000000c0000000, 0x00000000c2980000, 0x00000000eab00000)
  object space 42496K, 51% used [0x00000000c0000000,0x00000000c1557220,0x00000000c2980000)
 Metaspace       used 6362K, capacity 7152K, committed 7296K, reserved 1056768K
  class space    used 583K, capacity 616K, committed 640K, reserved 1048576K
}
Event: 7.478 GC heap before
{Heap before GC invocations=7 (full 0):
 PSYoungGen      total 139264K, used 137885K [0x00000000eab00000, 0x00000000f4700000, 0x0000000100000000)
  eden space 124928K, 100% used [0x00000000eab00000,0x00000000f2500000,0x00000000f2500000)
  from space 14336K, 90% used [0x00000000f3500000,0x00000000f41a7718,0x00000000f4300000)
  to   space 16384K, 0% used [0x00000000f2500000,0x00000000f2500000,0x00000000f3500000)
 ParOldGen       total 42496K, used 21852K [0x00000000c0000000, 0x00000000c2980000, 0x00000000eab00000)
  object space 42496K, 51% used [0x00000000c0000000,0x00000000c1557220,0x00000000c2980000)
 Metaspace       used 6522K, capacity 7220K, committed 7296K, reserved 1056768K
  class space    used 601K, capacity 620K, committed 640K, reserved 1048576K
Event: 7.563 GC heap after
Heap after GC invocations=7 (full 0):
 PSYoungGen      total 141312K, used 16357K [0x00000000eab00000, 0x00000000fd400000, 0x0000000100000000)
  eden space 124928K, 0% used [0x00000000eab00000,0x00000000eab00000,0x00000000f2500000)
  from space 16384K, 99% used [0x00000000f2500000,0x00000000f34f9698,0x00000000f3500000)
  to   space 27136K, 0% used [0x00000000fb980000,0x00000000fb980000,0x00000000fd400000)
 ParOldGen       total 42496K, used 36474K [0x00000000c0000000, 0x00000000c2980000, 0x00000000eab00000)
  object space 42496K, 85% used [0x00000000c0000000,0x00000000c239e8e8,0x00000000c2980000)
 Metaspace       used 6522K, capacity 7220K, committed 7296K, reserved 1056768K
  class space    used 601K, capacity 620K, committed 640K, reserved 1048576K
}
Event: 7.563 GC heap before
{Heap before GC invocations=8 (full 1):
 PSYoungGen      total 141312K, used 16357K [0x00000000eab00000, 0x00000000fd400000, 0x0000000100000000)
  eden space 124928K, 0% used [0x00000000eab00000,0x00000000eab00000,0x00000000f2500000)
  from space 16384K, 99% used [0x00000000f2500000,0x00000000f34f9698,0x00000000f3500000)
  to   space 27136K, 0% used [0x00000000fb980000,0x00000000fb980000,0x00000000fd400000)
 ParOldGen       total 42496K, used 36474K [0x00000000c0000000, 0x00000000c2980000, 0x00000000eab00000)
  object space 42496K, 85% used [0x00000000c0000000,0x00000000c239e8e8,0x00000000c2980000)
 Metaspace       used 6522K, capacity 7220K, committed 7296K, reserved 1056768K
  class space    used 601K, capacity 620K, committed 640K, reserved 1048576K
Event: 9.035 GC heap after
Heap after GC invocations=8 (full 1):
 PSYoungGen      total 141312K, used 7628K [0x00000000eab00000, 0x00000000fd400000, 0x0000000100000000)
  eden space 124928K, 0% used [0x00000000eab00000,0x00000000eab00000,0x00000000f2500000)
  from space 16384K, 46% used [0x00000000f2500000,0x00000000f2c73380,0x00000000f3500000)
  to   space 27136K, 0% used [0x00000000fb980000,0x00000000fb980000,0x00000000fd400000)
 ParOldGen       total 84480K, used 42025K [0x00000000c0000000, 0x00000000c5280000, 0x00000000eab00000)
  object space 84480K, 49% used [0x00000000c0000000,0x00000000c290a6e0,0x00000000c5280000)
 Metaspace       used 6522K, capacity 7220K, committed 7296K, reserved 1056768K
  class space    used 601K, capacity 620K, committed 640K, reserved 1048576K
}
Event: 14.356 GC heap before
{Heap before GC invocations=9 (full 1):
 PSYoungGen      total 141312K, used 132556K [0x00000000eab00000, 0x00000000fd400000, 0x0000000100000000)
  eden space 124928K, 100% used [0x00000000eab00000,0x00000000f2500000,0x00000000f2500000)
  from space 16384K, 46% used [0x00000000f2500000,0x00000000f2c73380,0x00000000f3500000)
  to   space 27136K, 0% used [0x00000000fb980000,0x00000000fb980000,0x00000000fd400000)
 ParOldGen       total 84480K, used 42025K [0x00000000c0000000, 0x00000000c5280000, 0x00000000eab00000)
  object space 84480K, 49% used [0x00000000c0000000,0x00000000c290a6e0,0x00000000c5280000)
 Metaspace       used 6531K, capacity 7220K, committed 7296K, reserved 1056768K
  class space    used 601K, capacity 620K, committed 640K, reserved 1048576K
Event: 14.854 GC heap after
Heap after GC invocations=9 (full 1):
 PSYoungGen      total 192512K, used 25970K [0x00000000eab00000, 0x00000000fd300000, 0x0000000100000000)
  eden space 166400K, 0% used [0x00000000eab00000,0x00000000eab00000,0x00000000f4d80000)
  from space 26112K, 99% used [0x00000000fb980000,0x00000000fd2dcba8,0x00000000fd300000)
  to   space 31744K, 0% used [0x00000000f9500000,0x00000000f9500000,0x00000000fb400000)
 ParOldGen       total 84480K, used 42025K [0x00000000c0000000, 0x00000000c5280000, 0x00000000eab00000)
  object space 84480K, 49% used [0x00000000c0000000,0x00000000c290a6e0,0x00000000c5280000)
 Metaspace       used 6531K, capacity 7220K, committed 7296K, reserved 1056768K
  class space    used 601K, capacity 620K, committed 640K, reserved 1048576K
}

