# JRE version: OpenJDK Runtime Environment (8.0_76-b03) (build 1.8.0_76-release-b03)
# Java VM: OpenJDK 64-Bit Server VM (25.76-b03 mixed mode windows-amd64 compressed oops)
Heap:
 PSYoungGen      total 197120K, used 35262K [0x00000000eab00000, 0x00000000fd400000, 0x0000000100000000)
  eden space 169984K, 5% used [0x00000000eab00000,0x00000000eb362cf8,0x00000000f5100000)
  from space 27136K, 98% used [0x00000000fb980000,0x00000000fd38cbb8,0x00000000fd400000)
  to   space 32256K, 0% used [0x00000000f9500000,0x00000000f9500000,0x00000000fb480000)
 ParOldGen       total 83968K, used 42256K [0x00000000c0000000, 0x00000000c5200000, 0x00000000eab00000)
  object space 83968K, 50% used [0x00000000c0000000,0x00000000c2944330,0x00000000c5200000)
 Metaspace       used 6532K, capacity 7220K, committed 7296K, reserved 1056768K
  class space    used 601K, capacity 620K, committed 640K, reserved 1048576K
GC Heap History (10 events):
Event: 6.358 GC heap before
{Heap before GC invocations=5 (full 0):
 PSYoungGen      total 66048K, used 66028K [0x00000000eab00000, 0x00000000eee00000, 0x0000000100000000)
  eden space 63488K, 100% used [0x00000000eab00000,0x00000000ee900000,0x00000000ee900000)
  from space 2560K, 99% used [0x00000000eeb80000,0x00000000eedfb350,0x00000000eee00000)
  to   space 2560K, 0% used [0x00000000ee900000,0x00000000ee900000,0x00000000eeb80000)
 ParOldGen       total 42496K, used 12576K [0x00000000c0000000, 0x00000000c2980000, 0x00000000eab00000)
  object space 42496K, 29% used [0x00000000c0000000,0x00000000c0c48038,0x00000000c2980000)
 Metaspace       used 6272K, capacity 7152K, committed 7296K, reserved 1056768K
  class space    used 583K, capacity 616K, committed 640K, reserved 1048576K
Event: 6.402 GC heap after
Heap after GC invocations=5 (full 0):
 PSYoungGen      total 66048K, used 2529K [0x00000000eab00000, 0x00000000f4400000, 0x0000000100000000)
  eden space 63488K, 0% used [0x00000000eab00000,0x00000000eab00000,0x00000000ee900000)
  from space 2560K, 98% used [0x00000000ee900000,0x00000000eeb785d8,0x00000000eeb80000)
  to   space 14848K, 0% used [0x00000000f3580000,0x00000000f3580000,0x00000000f4400000)
 ParOldGen       total 42496K, used 22895K [0x00000000c0000000, 0x00000000c2980000, 0x00000000eab00000)
  object space 42496K, 53% used [0x00000000c0000000,0x00000000c165bf48,0x00000000c2980000)
 Metaspace       used 6272K, capacity 7152K, committed 7296K, reserved 1056768K
  class space    used 583K, capacity 616K, committed 640K, reserved 1048576K
}
Event: 6.877 GC heap before
{Heap before GC invocations=6 (full 0):
 PSYoungGen      total 66048K, used 66017K [0x00000000eab00000, 0x00000000f4400000, 0x0000000100000000)
  eden space 63488K, 100% used [0x00000000eab00000,0x00000000ee900000,0x00000000ee900000)
  from space 2560K, 98% used [0x00000000ee900000,0x00000000eeb785d8,0x00000000eeb80000)
  to   space 14848K, 0% used [0x00000000f3580000,0x00000000f3580000,0x00000000f4400000)
 ParOldGen       total 42496K, used 22895K [0x00000000c0000000, 0x00000000c2980000, 0x00000000eab00000)
  object space 42496K, 53% used [0x00000000c0000000,0x00000000c165bf48,0x00000000c2980000)
 Metaspace       used 6372K, capacity 7152K, committed 7296K, reserved 1056768K
  class space    used 583K, capacity 616K, committed 640K, reserved 1048576K
Event: 6.928 GC heap after
Heap after GC invocations=6 (full 0):
 PSYoungGen      total 139776K, used 12813K [0x00000000eab00000, 0x00000000f4800000, 0x0000000100000000)
  eden space 124928K, 0% used [0x00000000eab00000,0x00000000eab00000,0x00000000f2500000)
  from space 14848K, 86% used [0x00000000f3580000,0x00000000f4203720,0x00000000f4400000)
  to   space 16896K, 0% used [0x00000000f2500000,0x00000000f2500000,0x00000000f3580000)
 ParOldGen       total 42496K, used 22903K [0x00000000c0000000, 0x00000000c2980000, 0x00000000eab00000)
  object space 42496K, 53% used [0x00000000c0000000,0x00000000c165df48,0x00000000c2980000)
 Metaspace       used 6372K, capacity 7152K, committed 7296K, reserved 1056768K
  class space    used 583K, capacity 616K, committed 640K, reserved 1048576K
}
Event: 7.753 GC heap before
{Heap before GC invocations=7 (full 0):
 PSYoungGen      total 139776K, used 137741K [0x00000000eab00000, 0x00000000f4800000, 0x0000000100000000)
  eden space 124928K, 100% used [0x00000000eab00000,0x00000000f2500000,0x00000000f2500000)
  from space 14848K, 86% used [0x00000000f3580000,0x00000000f4203720,0x00000000f4400000)
  to   space 16896K, 0% used [0x00000000f2500000,0x00000000f2500000,0x00000000f3580000)
 ParOldGen       total 42496K, used 22903K [0x00000000c0000000, 0x00000000c2980000, 0x00000000eab00000)
  object space 42496K, 53% used [0x00000000c0000000,0x00000000c165df48,0x00000000c2980000)
 Metaspace       used 6517K, capacity 7220K, committed 7296K, reserved 1056768K
  class space    used 601K, capacity 620K, committed 640K, reserved 1048576K
Event: 7.881 GC heap after
Heap after GC invocations=7 (full 0):
 PSYoungGen      total 141824K, used 16886K [0x00000000eab00000, 0x00000000fd400000, 0x0000000100000000)
  eden space 124928K, 0% used [0x00000000eab00000,0x00000000eab00000,0x00000000f2500000)
  from space 16896K, 99% used [0x00000000f2500000,0x00000000f357d890,0x00000000f3580000)
  to   space 27136K, 0% used [0x00000000fb980000,0x00000000fb980000,0x00000000fd400000)
 ParOldGen       total 42496K, used 36881K [0x00000000c0000000, 0x00000000c2980000, 0x00000000eab00000)
  object space 42496K, 86% used [0x00000000c0000000,0x00000000c2404438,0x00000000c2980000)
 Metaspace       used 6517K, capacity 7220K, committed 7296K, reserved 1056768K
  class space    used 601K, capacity 620K, committed 640K, reserved 1048576K
}
Event: 7.881 GC heap before
{Heap before GC invocations=8 (full 1):
 PSYoungGen      total 141824K, used 16886K [0x00000000eab00000, 0x00000000fd400000, 0x0000000100000000)
  eden space 124928K, 0% used [0x00000000eab00000,0x00000000eab00000,0x00000000f2500000)
  from space 16896K, 99% used [0x00000000f2500000,0x00000000f357d890,0x00000000f3580000)
  to   space 27136K, 0% used [0x00000000fb980000,0x00000000fb980000,0x00000000fd400000)
 ParOldGen       total 42496K, used 36881K [0x00000000c0000000, 0x00000000c2980000, 0x00000000eab00000)
  object space 42496K, 86% used [0x00000000c0000000,0x00000000c2404438,0x00000000c2980000)
 Metaspace       used 6517K, capacity 7220K, committed 7296K, reserved 1056768K
  class space    used 601K, capacity 620K, committed 640K, reserved 1048576K
Event: 9.361 GC heap after
Heap after GC invocations=8 (full 1):
 PSYoungGen      total 141824K, used 7638K [0x00000000eab00000, 0x00000000fd400000, 0x0000000100000000)
  eden space 124928K, 0% used [0x00000000eab00000,0x00000000eab00000,0x00000000f2500000)
  from space 16896K, 45% used [0x00000000f2500000,0x00000000f2c75980,0x00000000f3580000)
  to   space 27136K, 0% used [0x00000000fb980000,0x00000000fb980000,0x00000000fd400000)
 ParOldGen       total 83968K, used 42224K [0x00000000c0000000, 0x00000000c5200000, 0x00000000eab00000)
  object space 83968K, 50% used [0x00000000c0000000,0x00000000c293c330,0x00000000c5200000)
 Metaspace       used 6517K, capacity 7220K, committed 7296K, reserved 1056768K
  class space    used 601K, capacity 620K, committed 640K, reserved 1048576K
}
Event: 15.207 GC heap before
{Heap before GC invocations=9 (full 1):
 PSYoungGen      total 141824K, used 132566K [0x00000000eab00000, 0x00000000fd400000, 0x0000000100000000)
  eden space 124928K, 100% used [0x00000000eab00000,0x00000000f2500000,0x00000000f2500000)
  from space 16896K, 45% used [0x00000000f2500000,0x00000000f2c75980,0x00000000f3580000)
  to   space 27136K, 0% used [0x00000000fb980000,0x00000000fb980000,0x00000000fd400000)
 ParOldGen       total 83968K, used 42224K [0x00000000c0000000, 0x00000000c5200000, 0x00000000eab00000)
  object space 83968K, 50% used [0x00000000c0000000,0x00000000c293c330,0x00000000c5200000)
 Metaspace       used 6530K, capacity 7220K, committed 7296K, reserved 1056768K
  class space    used 601K, capacity 620K, committed 640K, reserved 1048576K
Event: 15.663 GC heap after
Heap after GC invocations=9 (full 1):
 PSYoungGen      total 197120K, used 26674K [0x00000000eab00000, 0x00000000fd400000, 0x0000000100000000)
  eden space 169984K, 0% used [0x00000000eab00000,0x00000000eab00000,0x00000000f5100000)
  from space 27136K, 98% used [0x00000000fb980000,0x00000000fd38cbb8,0x00000000fd400000)
  to   space 32256K, 0% used [0x00000000f9500000,0x00000000f9500000,0x00000000fb480000)
 ParOldGen       total 83968K, used 42256K [0x00000000c0000000, 0x00000000c5200000, 0x00000000eab00000)
  object space 83968K, 50% used [0x00000000c0000000,0x00000000c2944330,0x00000000c5200000)
 Metaspace       used 6530K, capacity 7220K, committed 7296K, reserved 1056768K
  class space    used 601K, capacity 620K, committed 640K, reserved 1048576K
}

